{"total": {"lines":{"total":257,"covered":216,"skipped":0,"pct":84.04},"statements":{"total":303,"covered":247,"skipped":0,"pct":81.51},"functions":{"total":63,"covered":50,"skipped":0,"pct":79.36},"branches":{"total":119,"covered":100,"skipped":0,"pct":84.03},"branchesTrue":{"total":0,"covered":0,"skipped":0,"pct":100}}
,"A:\\Repositories\\pill-o-clock\\src\\hooks\\useTodaySchedule.ts": {"lines":{"total":30,"covered":30,"skipped":0,"pct":100},"functions":{"total":9,"covered":9,"skipped":0,"pct":100},"statements":{"total":38,"covered":37,"skipped":0,"pct":97.36},"branches":{"total":16,"covered":15,"skipped":0,"pct":93.75}}
,"A:\\Repositories\\pill-o-clock\\src\\services\\backgroundTask.ts": {"lines":{"total":48,"covered":40,"skipped":0,"pct":83.33},"functions":{"total":7,"covered":5,"skipped":0,"pct":71.42},"statements":{"total":63,"covered":50,"skipped":0,"pct":79.36},"branches":{"total":22,"covered":17,"skipped":0,"pct":77.27}}
,"A:\\Repositories\\pill-o-clock\\src\\store\\slices\\medications.ts": {"lines":{"total":135,"covered":106,"skipped":0,"pct":78.51},"functions":{"total":33,"covered":23,"skipped":0,"pct":69.69},"statements":{"total":152,"covered":114,"skipped":0,"pct":75},"branches":{"total":55,"covered":45,"skipped":0,"pct":81.81}}
,"A:\\Repositories\\pill-o-clock\\src\\utils\\index.ts": {"lines":{"total":44,"covered":40,"skipped":0,"pct":90.9},"functions":{"total":14,"covered":13,"skipped":0,"pct":92.85},"statements":{"total":50,"covered":46,"skipped":0,"pct":92},"branches":{"total":26,"covered":23,"skipped":0,"pct":88.46}}
}
