TN:
SF:src\hooks\useTodaySchedule.ts
FN:11,useTodaySchedule
FN:12,(anonymous_1)
FN:13,(anonymous_2)
FN:14,(anonymous_3)
FN:15,(anonymous_4)
FN:19,(anonymous_5)
FN:26,(anonymous_6)
FN:28,(anonymous_7)
FN:69,(anonymous_8)
FNF:9
FNH:9
FNDA:25,useTodaySchedule
FNDA:25,(anonymous_1)
FNDA:25,(anonymous_2)
FNDA:25,(anonymous_3)
FNDA:25,(anonymous_4)
FNDA:25,(anonymous_5)
FNDA:4,(anonymous_6)
FNDA:25,(anonymous_7)
FNDA:7,(anonymous_8)
DA:12,25
DA:13,25
DA:14,25
DA:15,25
DA:17,25
DA:19,25
DA:20,25
DA:21,25
DA:22,25
DA:23,25
DA:25,25
DA:26,4
DA:28,25
DA:30,25
DA:32,25
DA:33,28
DA:34,28
DA:35,28
DA:37,24
DA:38,24
DA:41,24
DA:42,4
DA:43,20
DA:46,17
DA:47,17
DA:48,17
DA:51,3
DA:54,24
DA:69,25
DA:70,25
LF:30
LH:30
BRDA:17,0,0,25
BRDA:17,0,1,1
BRDA:34,1,0,0
BRDA:34,1,1,28
BRDA:35,2,0,4
BRDA:35,2,1,24
BRDA:41,3,0,4
BRDA:41,3,1,20
BRDA:43,4,0,17
BRDA:43,4,1,3
BRDA:48,5,0,11
BRDA:48,5,1,6
BRDA:51,6,0,2
BRDA:51,6,1,1
BRDA:64,7,0,21
BRDA:64,7,1,3
BRF:16
BRH:15
end_of_record
TN:
SF:src\services\backgroundTask.ts
FN:44,(anonymous_0)
FN:60,registerBackgroundFetch
FN:87,unregisterBackgroundFetch
FN:107,closeMissedDoses
FN:121,(anonymous_4)
FN:122,(anonymous_5)
FN:159,oo_cm
FNF:7
FNH:5
FNDA:0,(anonymous_0)
FNDA:5,registerBackgroundFetch
FNDA:3,unregisterBackgroundFetch
FNDA:15,closeMissedDoses
FNDA:31,(anonymous_4)
FNDA:14,(anonymous_5)
FNDA:0,oo_cm
DA:38,1
DA:44,1
DA:45,0
DA:46,0
DA:47,0
DA:48,0
DA:49,0
DA:51,0
DA:52,0
DA:53,0
DA:61,5
DA:62,5
DA:63,5
DA:64,4
DA:68,2
DA:71,2
DA:72,2
DA:73,1
DA:81,1
DA:82,1
DA:88,3
DA:89,3
DA:90,3
DA:91,2
DA:92,1
DA:105,1
DA:108,15
DA:109,15
DA:110,15
DA:111,15
DA:112,15
DA:114,15
DA:121,31
DA:122,15
DA:123,15
DA:126,15
DA:127,15
DA:128,450
DA:130,450
DA:131,420
DA:132,420
DA:133,390
DA:134,274
DA:136,243
DA:145,243
DA:147,243
DA:150,450
DA:159,1
LF:48
LH:40
BRDA:44,0,0,1
BRDA:44,0,1,0
BRDA:61,1,0,0
BRDA:61,1,1,5
BRDA:64,2,0,2
BRDA:64,2,1,2
BRDA:65,3,0,4
BRDA:65,3,1,3
BRDA:72,4,0,1
BRDA:72,4,1,1
BRDA:88,5,0,0
BRDA:88,5,1,3
BRDA:91,6,0,1
BRDA:91,6,1,1
BRDA:132,7,0,30
BRDA:132,7,1,390
BRDA:133,8,0,116
BRDA:133,8,1,274
BRDA:134,9,0,31
BRDA:134,9,1,243
BRDA:159,10,0,0
BRDA:159,10,1,0
BRF:22
BRH:17
end_of_record
TN:
SF:src\store\slices\medications.ts
FN:39,(anonymous_0)
FN:45,(anonymous_1)
FN:55,(anonymous_2)
FN:63,(anonymous_3)
FN:78,(anonymous_4)
FN:84,(anonymous_5)
FN:89,(anonymous_6)
FN:97,(anonymous_7)
FN:110,(anonymous_8)
FN:112,(anonymous_9)
FN:121,(anonymous_10)
FN:123,(anonymous_11)
FN:130,(anonymous_12)
FN:132,(anonymous_13)
FN:141,(anonymous_14)
FN:160,(anonymous_15)
FN:168,(anonymous_16)
FN:209,(anonymous_17)
FN:216,(anonymous_18)
FN:227,(anonymous_19)
FN:236,(anonymous_20)
FN:241,(anonymous_21)
FN:247,(anonymous_22)
FN:254,(anonymous_23)
FN:259,(anonymous_24)
FN:270,(anonymous_25)
FN:278,(anonymous_26)
FN:283,(anonymous_27)
FN:292,(anonymous_28)
FN:298,(anonymous_29)
FN:299,(anonymous_30)
FN:304,(anonymous_31)
FN:339,_scheduleNotificationsForSchedule
FNF:33
FNH:23
FNDA:44,(anonymous_0)
FNDA:4,(anonymous_1)
FNDA:3,(anonymous_2)
FNDA:3,(anonymous_3)
FNDA:0,(anonymous_4)
FNDA:0,(anonymous_5)
FNDA:0,(anonymous_6)
FNDA:0,(anonymous_7)
FNDA:2,(anonymous_8)
FNDA:1,(anonymous_9)
FNDA:0,(anonymous_10)
FNDA:0,(anonymous_11)
FNDA:0,(anonymous_12)
FNDA:0,(anonymous_13)
FNDA:19,(anonymous_14)
FNDA:19,(anonymous_15)
FNDA:5,(anonymous_16)
FNDA:1,(anonymous_17)
FNDA:5,(anonymous_18)
FNDA:1,(anonymous_19)
FNDA:3,(anonymous_20)
FNDA:2,(anonymous_21)
FNDA:0,(anonymous_22)
FNDA:0,(anonymous_23)
FNDA:3,(anonymous_24)
FNDA:3,(anonymous_25)
FNDA:4,(anonymous_26)
FNDA:4,(anonymous_27)
FNDA:1,(anonymous_28)
FNDA:2,(anonymous_29)
FNDA:3,(anonymous_30)
FNDA:5,(anonymous_31)
FNDA:7,_scheduleNotificationsForSchedule
DA:39,44
DA:46,4
DA:53,4
DA:55,4
DA:62,4
DA:64,3
DA:65,3
DA:69,4
DA:70,4
DA:71,4
DA:73,4
DA:79,0
DA:81,0
DA:83,0
DA:85,0
DA:89,0
DA:96,0
DA:98,0
DA:99,0
DA:103,0
DA:104,0
DA:105,0
DA:111,2
DA:112,2
DA:113,2
DA:114,2
DA:115,2
DA:116,2
DA:122,0
DA:123,0
DA:124,0
DA:125,0
DA:126,0
DA:128,0
DA:129,0
DA:130,0
DA:132,0
DA:135,0
DA:136,0
DA:142,19
DA:143,19
DA:156,19
DA:157,19
DA:159,19
DA:160,19
DA:161,19
DA:162,19
DA:166,19
DA:168,13
DA:170,13
DA:171,3
DA:172,3
DA:173,3
DA:177,1
DA:179,3
DA:180,3
DA:185,19
DA:186,13
DA:187,13
DA:188,12
DA:189,12
DA:190,1
DA:191,1
DA:194,12
DA:195,12
DA:196,12
DA:198,12
DA:199,12
DA:200,1
DA:201,1
DA:206,19
DA:210,1
DA:211,1
DA:217,5
DA:218,5
DA:219,5
DA:222,5
DA:224,5
DA:225,3
DA:226,3
DA:228,1
DA:229,1
DA:232,3
DA:233,3
DA:235,3
DA:236,3
DA:238,2
DA:239,2
DA:240,2
DA:241,2
DA:248,0
DA:249,0
DA:250,0
DA:251,0
DA:253,0
DA:254,0
DA:260,3
DA:261,3
DA:263,3
DA:264,3
DA:265,3
DA:266,3
DA:267,1
DA:270,3
DA:271,3
DA:272,3
DA:279,4
DA:280,4
DA:282,4
DA:283,4
DA:284,4
DA:285,4
DA:287,4
DA:293,1
DA:299,3
DA:305,5
DA:308,5
DA:318,5
DA:320,5
DA:321,1
DA:322,1
DA:323,1
DA:327,0
DA:329,1
DA:330,1
DA:333,5
DA:343,7
DA:344,7
DA:345,49
DA:346,49
DA:347,49
DA:349,49
DA:350,49
DA:357,49
DA:359,49
LF:135
LH:106
BRDA:99,0,0,0
BRDA:99,0,1,0
BRDA:124,1,0,0
BRDA:124,1,1,0
BRDA:129,2,0,0
BRDA:129,2,1,0
BRDA:148,3,0,19
BRDA:148,3,1,18
BRDA:150,4,0,13
BRDA:150,4,1,6
BRDA:153,5,0,6
BRDA:153,5,1,13
BRDA:166,6,0,13
BRDA:166,6,1,6
BRDA:168,7,0,13
BRDA:168,7,1,8
BRDA:170,8,0,3
BRDA:170,8,1,10
BRDA:170,9,0,13
BRDA:170,9,1,4
BRDA:173,10,0,1
BRDA:173,10,1,2
BRDA:174,11,0,3
BRDA:174,11,1,2
BRDA:185,12,0,13
BRDA:185,12,1,6
BRDA:187,13,0,12
BRDA:187,13,1,1
BRDA:189,14,0,1
BRDA:189,14,1,11
BRDA:194,15,0,12
BRDA:194,15,1,1
BRDA:199,16,0,1
BRDA:199,16,1,11
BRDA:199,17,0,12
BRDA:199,17,1,2
BRDA:199,17,2,1
BRDA:224,18,0,3
BRDA:224,18,1,2
BRDA:226,19,0,1
BRDA:226,19,1,2
BRDA:266,20,0,1
BRDA:266,20,1,2
BRDA:320,21,0,1
BRDA:320,21,1,4
BRDA:320,22,0,5
BRDA:320,22,1,1
BRDA:323,23,0,0
BRDA:323,23,1,1
BRDA:324,24,0,1
BRDA:324,24,1,0
BRDA:346,25,0,0
BRDA:346,25,1,49
BRDA:357,26,0,0
BRDA:357,26,1,49
BRF:55
BRH:45
end_of_record
TN:
SF:src\utils\index.ts
FN:12,generateId
FN:17,(anonymous_1)
FN:25,today
FN:30,toDateString
FN:35,toISOString
FN:40,parseTime
FN:46,isScheduleActiveOnDate
FN:67,getNextDates
FN:89,getDayNamesShort
FN:92,getDayNamesFull
FN:97,getCategoryLabel
FN:102,getDosageLabel
FN:123,hexToColorConfig
FN:140,getColorConfig
FNF:14
FNH:13
FNDA:331,generateId
FNDA:0,(anonymous_1)
FNDA:1,today
FNDA:1849,toDateString
FNDA:62,toISOString
FNDA:20,parseTime
FNDA:480,isScheduleActiveOnDate
FNDA:4,getNextDates
FNDA:1,getDayNamesShort
FNDA:1,getDayNamesFull
FNDA:7,getCategoryLabel
FNDA:6,getDosageLabel
FNDA:4,hexToColorConfig
FNDA:11,getColorConfig
DA:13,331
DA:14,331
DA:17,0
DA:18,0
DA:19,0
DA:20,0
DA:26,1
DA:31,1849
DA:36,62
DA:41,20
DA:42,20
DA:47,480
DA:49,417
DA:52,417
DA:53,417
DA:56,416
DA:57,399
DA:60,382
DA:62,36
DA:63,36
DA:68,4
DA:69,4
DA:70,4
DA:71,10
DA:73,4
DA:77,5
DA:78,5
DA:90,1
DA:93,1
DA:98,7
DA:103,6
DA:108,6
DA:112,5
DA:124,4
DA:125,4
DA:126,4
DA:127,4
DA:128,4
DA:129,4
DA:130,4
DA:131,4
DA:141,11
DA:146,5
DA:162,5
LF:44
LH:40
BRDA:13,0,0,331
BRDA:13,0,1,0
BRDA:13,1,0,331
BRDA:13,1,1,331
BRDA:19,2,0,0
BRDA:19,2,1,0
BRDA:47,3,0,63
BRDA:47,3,1,417
BRDA:47,4,0,480
BRDA:47,4,1,449
BRDA:53,5,0,1
BRDA:53,5,1,416
BRDA:56,6,0,17
BRDA:56,6,1,399
BRDA:56,7,0,416
BRDA:56,7,1,35
BRDA:57,8,0,17
BRDA:57,8,1,382
BRDA:57,9,0,399
BRDA:57,9,1,35
BRDA:60,10,0,346
BRDA:60,10,1,36
BRDA:108,11,0,6
BRDA:108,11,1,3
BRDA:141,12,0,11
BRDA:141,12,1,4
BRF:26
BRH:23
end_of_record
